This is pdfTeX, Version 3.14159265-2.6-1.40.15 (TeX Live 2014) (preloaded format=pdftex 2014.5.25)  8 JUN 2015 14:43
entering extended mode
 restricted \write18 enabled.
 file:line:error style messages enabled.
 %&-line parsing enabled.
**/Users/jklymak/ttide/ttide15/doc/EnergyIntegralsReal1km03.tex
(/Users/jklymak/ttide/ttide15/doc/EnergyIntegralsReal1km03.tex
/Users/jklymak/ttide/ttide15/doc/EnergyIntegralsReal1km03.tex:1: Undefined control sequence.
l.1 \begin
          {figure*}[htbp]
The control sequence at the end of the top line
of your error message was never \def'ed. If you have
misspelled it (e.g., `\hobx'), type `I' and the correct
spelling (e.g., `I\hbox'). Otherwise just continue,
and I'll forget about whatever was undefined.

/Users/jklymak/ttide/ttide15/doc/EnergyIntegralsReal1km03.tex:2: Undefined control sequence.
l.2   \begin
            {center}
The control sequence at the end of the top line
of your error message was never \def'ed. If you have
misspelled it (e.g., `\hobx'), type `I' and the correct
spelling (e.g., `I\hbox'). Otherwise just continue,
and I'll forget about whatever was undefined.

/Users/jklymak/ttide/ttide15/doc/EnergyIntegralsReal1km03.tex:3: Undefined control sequence.
l.3     \includegraphics
                        [width=\twowidth]{EnergyIntegralsReal1km03}
The control sequence at the end of the top line
of your error message was never \def'ed. If you have
misspelled it (e.g., `\hobx'), type `I' and the correct
spelling (e.g., `I\hbox'). Otherwise just continue,
and I'll forget about whatever was undefined.

/Users/jklymak/ttide/ttide15/doc/EnergyIntegralsReal1km03.tex:3: Undefined control sequence.
l.3     \includegraphics[width=\twowidth
                                        ]{EnergyIntegralsReal1km03}
The control sequence at the end of the top line
of your error message was never \def'ed. If you have
misspelled it (e.g., `\hobx'), type `I' and the correct
spelling (e.g., `I\hbox'). Otherwise just continue,
and I'll forget about whatever was undefined.

/Users/jklymak/ttide/ttide15/doc/EnergyIntegralsReal1km03.tex:4: Undefined control sequence.
l.4     \caption
                {
The control sequence at the end of the top line
of your error message was never \def'ed. If you have
misspelled it (e.g., `\hobx'), type `I' and the correct
spelling (e.g., `I\hbox'). Otherwise just continue,
and I'll forget about whatever was undefined.

/Users/jklymak/ttide/ttide15/doc/EnergyIntegralsReal1km03.tex:5: Undefined control sequence.
l.5       \tempS
                {\footnotesize /Users/jklymak/ttide/ttide15/doc//PaperPlots....
The control sequence at the end of the top line
of your error message was never \def'ed. If you have
misspelled it (e.g., `\hobx'), type `I' and the correct
spelling (e.g., `I\hbox'). Otherwise just continue,
and I'll forget about whatever was undefined.

/Users/jklymak/ttide/ttide15/doc/EnergyIntegralsReal1km03.tex:5: Undefined control sequence.
l.5       \tempS{\footnotesize
                               /Users/jklymak/ttide/ttide15/doc//PaperPlots....
The control sequence at the end of the top line
of your error message was never \def'ed. If you have
misspelled it (e.g., `\hobx'), type `I' and the correct
spelling (e.g., `I\hbox'). Otherwise just continue,
and I'll forget about whatever was undefined.

/Users/jklymak/ttide/ttide15/doc/EnergyIntegralsReal1km03.tex:7: Undefined control sequence.
l.7       \label
                {fig:EnergyIntegralsReal1km03} }
The control sequence at the end of the top line
of your error message was never \def'ed. If you have
misspelled it (e.g., `\hobx'), type `I' and the correct
spelling (e.g., `I\hbox'). Otherwise just continue,
and I'll forget about whatever was undefined.


Overfull \hbox (31.46832pt too wide) in paragraph at lines 1--8
[]\tenrm figure*[htbp] cen-ter [width=]EnergyIntegralsReal1km03  /Users/jklymak/ttide/ttide15/doc//PaperPlots.ipynb|

\hbox(7.5+2.5)x469.75499, glue set - 1.0
.\hbox(0.0+0.0)x20.0
.\tenrm ^^L (ligature fi)
.\tenrm g
.\tenrm u
.\tenrm r
.etc.

[1{/usr/local/texlive/2014/texmf-var/fonts/map/pdftex/updmap/pdftex.map}] )</usr/local/texlive/2014/texmf-dist/fonts/type1/public/amsfonts/cm/cmr10.pfb>
Output written on /Users/jklymak/ttide/ttide15/doc/.texpadtmp/EnergyIntegralsReal1km03.pdf (1 page, 18160 bytes).
PDF statistics:
 12 PDF objects out of 1000 (max. 8388607)
 7 compressed objects within 1 object stream
 0 named destinations out of 1000 (max. 500000)
 1 words of extra memory for PDF output out of 10000 (max. 10000000)

